This file contains any messages produced by compilers while
running configure, to aid debugging if configure makes a mistake.

It was created by samplehistory configure 0.1, which was
generated by GNU Autoconf 2.63.  Invocation command line was

  $ /home/wei/Desktop/sample_history/Anjuta_SamHis/configure --enable-maintainer-mode CFLAGS=-g -O0 CXXFLAGS=-g -O0 JFLAGS=-g -O0 FFLAGS=-g -O0

## --------- ##
## Platform. ##
## --------- ##

hostname = localhost.localdomain
uname -m = i686
uname -r = 2.6.32.9-67.fc12.i686.PAE
uname -s = Linux
uname -v = #1 SMP Sat Feb 27 09:42:55 UTC 2010

/usr/bin/uname -p = unknown
/bin/uname -X     = unknown

/bin/arch              = i686
/usr/bin/arch -k       = unknown
/usr/convex/getsysinfo = unknown
/usr/bin/hostinfo      = unknown
/bin/machine           = unknown
/usr/bin/oslevel       = unknown
/bin/universe          = unknown

PATH: /usr/lib/qt-3.3/bin
PATH: /usr/kerberos/sbin
PATH: /usr/kerberos/bin
PATH: /usr/lib/ccache
PATH: /usr/local/bin
PATH: /usr/bin
PATH: /bin
PATH: /usr/local/sbin
PATH: /usr/sbin
PATH: /sbin
PATH: /usr/bin
PATH: /bin
PATH: /home/weiwang/cuda/bin
PATH: /home/weiwang/bin


## ----------- ##
## Core tests. ##
## ----------- ##

configure:2114: checking for a BSD-compatible install
configure:2182: result: /usr/bin/install -c
configure:2193: checking whether build environment is sane
configure:2253: result: yes
configure:2394: checking for a thread-safe mkdir -p
configure:2433: result: /bin/mkdir -p
configure:2446: checking for gawk
configure:2462: found /usr/bin/gawk
configure:2473: result: gawk
configure:2484: checking whether make sets $(MAKE)
configure:2506: result: yes
configure:2591: checking whether to enable maintainer-specific portions of Makefiles
configure:2600: result: yes
configure:2626: checking for style of include used by make
configure:2654: result: GNU
configure:2724: checking for gcc
configure:2740: found /usr/lib/ccache/gcc
configure:2751: result: gcc
configure:2983: checking for C compiler version
configure:2991: gcc --version >&5
gcc (GCC) 4.4.3 20100127 (Red Hat 4.4.3-4)
Copyright (C) 2010 Free Software Foundation, Inc.
This is free software; see the source for copying conditions.  There is NO
warranty; not even for MERCHANTABILITY or FITNESS FOR A PARTICULAR PURPOSE.

configure:2995: $? = 0
configure:3002: gcc -v >&5
Using built-in specs.
Target: i686-redhat-linux
Configured with: ../configure --prefix=/usr --mandir=/usr/share/man --infodir=/usr/share/info --with-bugurl=http://bugzilla.redhat.com/bugzilla --enable-bootstrap --enable-shared --enable-threads=posix --enable-checking=release --with-system-zlib --enable-__cxa_atexit --disable-libunwind-exceptions --enable-gnu-unique-object --enable-languages=c,c++,objc,obj-c++,java,fortran,ada --enable-java-awt=gtk --disable-dssi --enable-plugin --with-java-home=/usr/lib/jvm/java-1.5.0-gcj-1.5.0.0/jre --enable-libgcj-multifile --enable-java-maintainer-mode --with-ecj-jar=/usr/share/java/eclipse-ecj.jar --disable-libjava-multilib --with-ppl --with-cloog --with-tune=generic --with-arch=i686 --build=i686-redhat-linux
Thread model: posix
gcc version 4.4.3 20100127 (Red Hat 4.4.3-4) (GCC) 
configure:3006: $? = 0
configure:3013: gcc -V >&5
gcc: '-V' option must have argument
configure:3017: $? = 1
configure:3040: checking for C compiler default output file name
configure:3062: gcc -g -O0   conftest.c  >&5
configure:3066: $? = 0
configure:3104: result: a.out
configure:3123: checking whether the C compiler works
configure:3133: ./a.out
configure:3137: $? = 0
configure:3156: result: yes
configure:3163: checking whether we are cross compiling
configure:3165: result: no
configure:3168: checking for suffix of executables
configure:3175: gcc -o conftest -g -O0   conftest.c  >&5
configure:3179: $? = 0
configure:3205: result: 
configure:3211: checking for suffix of object files
configure:3237: gcc -c -g -O0  conftest.c >&5
configure:3241: $? = 0
configure:3266: result: o
configure:3270: checking whether we are using the GNU C compiler
configure:3299: gcc -c -g -O0  conftest.c >&5
configure:3306: $? = 0
configure:3323: result: yes
configure:3332: checking whether gcc accepts -g
configure:3362: gcc -c -g  conftest.c >&5
configure:3369: $? = 0
configure:3470: result: yes
configure:3487: checking for gcc option to accept ISO C89
configure:3561: gcc  -c -g -O0  conftest.c >&5
configure:3568: $? = 0
configure:3591: result: none needed
configure:3611: checking dependency style of gcc
configure:3721: result: gcc3
configure:3737: checking for library containing strerror
configure:3778: gcc -o conftest -g -O0   conftest.c  >&5
configure:3785: $? = 0
configure:3816: result: none required
configure:3872: checking for gcc
configure:3899: result: gcc
configure:4131: checking for C compiler version
configure:4139: gcc --version >&5
gcc (GCC) 4.4.3 20100127 (Red Hat 4.4.3-4)
Copyright (C) 2010 Free Software Foundation, Inc.
This is free software; see the source for copying conditions.  There is NO
warranty; not even for MERCHANTABILITY or FITNESS FOR A PARTICULAR PURPOSE.

configure:4143: $? = 0
configure:4150: gcc -v >&5
Using built-in specs.
Target: i686-redhat-linux
Configured with: ../configure --prefix=/usr --mandir=/usr/share/man --infodir=/usr/share/info --with-bugurl=http://bugzilla.redhat.com/bugzilla --enable-bootstrap --enable-shared --enable-threads=posix --enable-checking=release --with-system-zlib --enable-__cxa_atexit --disable-libunwind-exceptions --enable-gnu-unique-object --enable-languages=c,c++,objc,obj-c++,java,fortran,ada --enable-java-awt=gtk --disable-dssi --enable-plugin --with-java-home=/usr/lib/jvm/java-1.5.0-gcj-1.5.0.0/jre --enable-libgcj-multifile --enable-java-maintainer-mode --with-ecj-jar=/usr/share/java/eclipse-ecj.jar --disable-libjava-multilib --with-ppl --with-cloog --with-tune=generic --with-arch=i686 --build=i686-redhat-linux
Thread model: posix
gcc version 4.4.3 20100127 (Red Hat 4.4.3-4) (GCC) 
configure:4154: $? = 0
configure:4161: gcc -V >&5
gcc: '-V' option must have argument
configure:4165: $? = 1
configure:4168: checking whether we are using the GNU C compiler
configure:4221: result: yes
configure:4230: checking whether gcc accepts -g
configure:4368: result: yes
configure:4385: checking for gcc option to accept ISO C89
configure:4489: result: none needed
configure:4509: checking dependency style of gcc
configure:4619: result: gcc3
configure:4682: checking for gcc
configure:4709: result: gcc
configure:4941: checking for C compiler version
configure:4949: gcc --version >&5
gcc (GCC) 4.4.3 20100127 (Red Hat 4.4.3-4)
Copyright (C) 2010 Free Software Foundation, Inc.
This is free software; see the source for copying conditions.  There is NO
warranty; not even for MERCHANTABILITY or FITNESS FOR A PARTICULAR PURPOSE.

configure:4953: $? = 0
configure:4960: gcc -v >&5
Using built-in specs.
Target: i686-redhat-linux
Configured with: ../configure --prefix=/usr --mandir=/usr/share/man --infodir=/usr/share/info --with-bugurl=http://bugzilla.redhat.com/bugzilla --enable-bootstrap --enable-shared --enable-threads=posix --enable-checking=release --with-system-zlib --enable-__cxa_atexit --disable-libunwind-exceptions --enable-gnu-unique-object --enable-languages=c,c++,objc,obj-c++,java,fortran,ada --enable-java-awt=gtk --disable-dssi --enable-plugin --with-java-home=/usr/lib/jvm/java-1.5.0-gcj-1.5.0.0/jre --enable-libgcj-multifile --enable-java-maintainer-mode --with-ecj-jar=/usr/share/java/eclipse-ecj.jar --disable-libjava-multilib --with-ppl --with-cloog --with-tune=generic --with-arch=i686 --build=i686-redhat-linux
Thread model: posix
gcc version 4.4.3 20100127 (Red Hat 4.4.3-4) (GCC) 
configure:4964: $? = 0
configure:4971: gcc -V >&5
gcc: '-V' option must have argument
configure:4975: $? = 1
configure:4978: checking whether we are using the GNU C compiler
configure:5031: result: yes
configure:5040: checking whether gcc accepts -g
configure:5178: result: yes
configure:5195: checking for gcc option to accept ISO C89
configure:5299: result: none needed
configure:5319: checking dependency style of gcc
configure:5429: result: gcc3
configure:5452: checking how to run the C preprocessor
configure:5492: gcc -E  conftest.c
configure:5499: $? = 0
configure:5530: gcc -E  conftest.c
conftest.c:10:28: error: ac_nonexistent.h: No such file or directory
configure:5537: $? = 1
configure: failed program was:
| /* confdefs.h.  */
| #define PACKAGE_NAME "samplehistory"
| #define PACKAGE_TARNAME "samplehistory"
| #define PACKAGE_VERSION "0.1"
| #define PACKAGE_STRING "samplehistory 0.1"
| #define PACKAGE_BUGREPORT ""
| #define PACKAGE "samplehistory"
| #define VERSION "0.1"
| /* end confdefs.h.  */
| #include <ac_nonexistent.h>
configure:5570: result: gcc -E
configure:5599: gcc -E  conftest.c
configure:5606: $? = 0
configure:5637: gcc -E  conftest.c
conftest.c:10:28: error: ac_nonexistent.h: No such file or directory
configure:5644: $? = 1
configure: failed program was:
| /* confdefs.h.  */
| #define PACKAGE_NAME "samplehistory"
| #define PACKAGE_TARNAME "samplehistory"
| #define PACKAGE_VERSION "0.1"
| #define PACKAGE_STRING "samplehistory 0.1"
| #define PACKAGE_BUGREPORT ""
| #define PACKAGE "samplehistory"
| #define VERSION "0.1"
| /* end confdefs.h.  */
| #include <ac_nonexistent.h>
configure:5684: checking for grep that handles long lines and -e
configure:5744: result: /bin/grep
configure:5749: checking for egrep
configure:5813: result: /bin/grep -E
configure:5818: checking for ANSI C header files
configure:5848: gcc -c -g -O0  conftest.c >&5
configure:5855: $? = 0
configure:5954: gcc -o conftest -g -O0   conftest.c  >&5
configure:5958: $? = 0
configure:5964: ./conftest
configure:5968: $? = 0
configure:5986: result: yes
configure:6021: checking for sys/types.h
configure:6042: gcc -c -g -O0  conftest.c >&5
configure:6049: $? = 0
configure:6066: result: yes
configure:6021: checking for sys/stat.h
configure:6042: gcc -c -g -O0  conftest.c >&5
configure:6049: $? = 0
configure:6066: result: yes
configure:6021: checking for stdlib.h
configure:6042: gcc -c -g -O0  conftest.c >&5
configure:6049: $? = 0
configure:6066: result: yes
configure:6021: checking for string.h
configure:6042: gcc -c -g -O0  conftest.c >&5
configure:6049: $? = 0
configure:6066: result: yes
configure:6021: checking for memory.h
configure:6042: gcc -c -g -O0  conftest.c >&5
configure:6049: $? = 0
configure:6066: result: yes
configure:6021: checking for strings.h
configure:6042: gcc -c -g -O0  conftest.c >&5
configure:6049: $? = 0
configure:6066: result: yes
configure:6021: checking for inttypes.h
configure:6042: gcc -c -g -O0  conftest.c >&5
configure:6049: $? = 0
configure:6066: result: yes
configure:6021: checking for stdint.h
configure:6042: gcc -c -g -O0  conftest.c >&5
configure:6049: $? = 0
configure:6066: result: yes
configure:6021: checking for unistd.h
configure:6042: gcc -c -g -O0  conftest.c >&5
configure:6049: $? = 0
configure:6066: result: yes
configure:6097: checking locale.h usability
configure:6114: gcc -c -g -O0  conftest.c >&5
configure:6121: $? = 0
configure:6135: result: yes
configure:6139: checking locale.h presence
configure:6154: gcc -E  conftest.c
configure:6161: $? = 0
configure:6175: result: yes
configure:6203: checking for locale.h
configure:6212: result: yes
configure:6228: checking for LC_MESSAGES
configure:6254: gcc -o conftest -g -O0   conftest.c  >&5
configure:6261: $? = 0
configure:6281: result: yes
configure:6310: checking libintl.h usability
configure:6327: gcc -c -g -O0  conftest.c >&5
configure:6334: $? = 0
configure:6348: result: yes
configure:6352: checking libintl.h presence
configure:6367: gcc -E  conftest.c
configure:6374: $? = 0
configure:6388: result: yes
configure:6416: checking for libintl.h
configure:6423: result: yes
configure:6434: checking for ngettext in libc
configure:6462: gcc -o conftest -g -O0   conftest.c  >&5
configure:6469: $? = 0
configure:6490: result: yes
configure:6494: checking for dgettext in libc
configure:6522: gcc -o conftest -g -O0   conftest.c  >&5
configure:6529: $? = 0
configure:6550: result: yes
configure:6559: checking for bind_textdomain_codeset
configure:6615: gcc -o conftest -g -O0   conftest.c  >&5
configure:6622: $? = 0
configure:6644: result: yes
configure:7160: checking for msgfmt
configure:7187: result: /usr/bin/msgfmt
configure:7200: checking for dcgettext
configure:7256: gcc -o conftest -g -O0   conftest.c   >&5
conftest.c:48: warning: conflicting types for built-in function 'dcgettext'
configure:7263: $? = 0
configure:7285: result: yes
configure:7298: checking if msgfmt accepts -c
configure:7313: $MSGFMT -c -o /dev/null conftest.foo
configure:7316: $? = 0
configure:7318: result: yes
configure:7328: checking for gmsgfmt
configure:7359: result: /usr/bin/msgfmt
configure:7369: checking for xgettext
configure:7396: result: /usr/bin/xgettext
configure:7425: gcc -o conftest -g -O0   conftest.c   >&5
configure:7432: $? = 0
configure:7666: checking whether NLS is requested
configure:7675: result: yes
configure:7692: checking for intltool >= 0.35.0
configure:7699: result: 0.41.0 found
configure:7709: checking for intltool-update
configure:7727: found /usr/bin/intltool-update
configure:7739: result: /usr/bin/intltool-update
configure:7749: checking for intltool-merge
configure:7767: found /usr/bin/intltool-merge
configure:7779: result: /usr/bin/intltool-merge
configure:7789: checking for intltool-extract
configure:7807: found /usr/bin/intltool-extract
configure:7819: result: /usr/bin/intltool-extract
configure:7952: checking for xgettext
configure:7982: result: /usr/bin/xgettext
configure:7992: checking for msgmerge
configure:8010: found /usr/bin/msgmerge
configure:8022: result: /usr/bin/msgmerge
configure:8032: checking for msgfmt
configure:8062: result: /usr/bin/msgfmt
configure:8072: checking for gmsgfmt
configure:8103: result: /usr/bin/msgfmt
configure:8127: checking for perl
configure:8145: found /usr/bin/perl
configure:8157: result: /usr/bin/perl
configure:8170: checking for perl >= 5.8.1
configure:8179: result: 5.10.0
configure:8183: checking for XML::Parser
configure:8186: result: ok
configure:8386: checking build system type
configure:8404: result: i686-pc-linux-gnu
configure:8426: checking host system type
configure:8441: result: i686-pc-linux-gnu
configure:8463: checking for a sed that does not truncate output
configure:8529: result: /bin/sed
configure:8547: checking for fgrep
configure:8611: result: /bin/grep -F
configure:8646: checking for ld used by gcc
configure:8713: result: /usr/bin/ld
configure:8722: checking if the linker (/usr/bin/ld) is GNU ld
configure:8737: result: yes
configure:8749: checking for BSD- or MS-compatible name lister (nm)
configure:8798: result: /usr/bin/nm -B
configure:8916: checking the name lister (/usr/bin/nm -B) interface
configure:8923: gcc -c -g -O0  conftest.c >&5
configure:8926: /usr/bin/nm -B "conftest.o"
configure:8929: output
00000000 B some_variable
configure:8936: result: BSD nm
configure:8939: checking whether ln -s works
configure:8943: result: yes
configure:8951: checking the maximum length of command line arguments
configure:9071: result: 1966080
configure:9088: checking whether the shell understands some XSI constructs
configure:9098: result: yes
configure:9102: checking whether the shell understands "+="
configure:9108: result: yes
configure:9143: checking for /usr/bin/ld option to reload object files
configure:9150: result: -r
configure:9219: checking for objdump
configure:9235: found /usr/bin/objdump
configure:9246: result: objdump
configure:9278: checking how to recognize dependent libraries
configure:9474: result: pass_all
configure:9534: checking for ar
configure:9550: found /usr/bin/ar
configure:9561: result: ar
configure:9639: checking for strip
configure:9655: found /usr/bin/strip
configure:9666: result: strip
configure:9738: checking for ranlib
configure:9754: found /usr/bin/ranlib
configure:9765: result: ranlib
configure:9855: checking command to parse /usr/bin/nm -B output from gcc object
configure:9973: gcc -c -g -O0  conftest.c >&5
configure:9976: $? = 0
configure:9980: /usr/bin/nm -B conftest.o \| sed -n -e 's/^.*[	 ]\([ABCDGIRSTW][ABCDGIRSTW]*\)[	 ][	 ]*\([_A-Za-z][_A-Za-z0-9]*\)$/\1 \2 \2/p' \> conftest.nm
configure:9983: $? = 0
configure:10037: gcc -o conftest -g -O0   conftest.c conftstm.o >&5
configure:10040: $? = 0
configure:10078: result: ok
configure:10943: checking for dlfcn.h
configure:10964: gcc -c -g -O0  conftest.c >&5
configure:10971: $? = 0
configure:10988: result: yes
configure:11174: checking for objdir
configure:11189: result: .libs
configure:11481: checking if gcc supports -fno-rtti -fno-exceptions
configure:11499: gcc -c -g -O0  -fno-rtti -fno-exceptions conftest.c >&5
cc1: warning: command line option "-fno-rtti" is valid for C++/ObjC++ but not for C
cc1: warning: command line option "-fno-rtti" is valid for C++/ObjC++ but not for C
configure:11503: $? = 0
configure:11516: result: no
configure:11536: checking for gcc option to produce PIC
configure:11808: result: -fPIC -DPIC
configure:11820: checking if gcc PIC flag -fPIC -DPIC works
configure:11838: gcc -c -g -O0  -fPIC -DPIC -DPIC conftest.c >&5
configure:11842: $? = 0
configure:11855: result: yes
configure:11879: checking if gcc static flag -static works
configure:11907: result: no
configure:11922: checking if gcc supports -c -o file.o
configure:11943: gcc -c -g -O0  -o out/conftest2.o conftest.c >&5
configure:11947: $? = 0
configure:11969: result: yes
configure:11977: checking if gcc supports -c -o file.o
configure:12024: result: yes
configure:12057: checking whether the gcc linker (/usr/bin/ld) supports shared libraries
configure:13131: result: yes
configure:13168: checking whether -lc should be explicitly linked in
configure:13173: gcc -c -g -O0  conftest.c >&5
configure:13176: $? = 0
configure:13191: gcc -shared conftest.o  -v -Wl,-soname -Wl,conftest -o conftest 2\>\&1 \| /bin/grep  -lc  \>/dev/null 2\>\&1
configure:13194: $? = 0
configure:13206: result: no
configure:13370: checking dynamic linker characteristics
configure:13813: gcc -o conftest -g -O0   -Wl,-rpath -Wl,/foo conftest.c  >&5
configure:13820: $? = 0
configure:14056: result: GNU/Linux ld.so
configure:14158: checking how to hardcode library paths into programs
configure:14183: result: immediate
configure:15016: checking whether stripping libraries is possible
configure:15021: result: yes
configure:15056: checking if libtool supports shared libraries
configure:15058: result: yes
configure:15061: checking whether to build shared libraries
configure:15082: result: yes
configure:15085: checking whether to build static libraries
configure:15089: result: yes
configure:15281: creating ./config.status

## ---------------------- ##
## Running config.status. ##
## ---------------------- ##

This file was extended by samplehistory config.status 0.1, which was
generated by GNU Autoconf 2.63.  Invocation command line was

  CONFIG_FILES    = 
  CONFIG_HEADERS  = 
  CONFIG_LINKS    = 
  CONFIG_COMMANDS = 
  $ ./config.status 

on localhost.localdomain

config.status:1057: creating Makefile
config.status:1057: creating src/Makefile
config.status:1057: creating po/Makefile.in
config.status:1057: creating config.h
config.status:1272: config.h is unchanged
config.status:1324: executing depfiles commands
config.status:1324: executing default-1 commands
config.status:1324: executing libtool commands
config.status:1324: executing po/stamp-it commands

## ---------------- ##
## Cache variables. ##
## ---------------- ##

ac_cv_build=i686-pc-linux-gnu
ac_cv_c_compiler_gnu=yes
ac_cv_env_CC_set=
ac_cv_env_CC_value=
ac_cv_env_CFLAGS_set=set
ac_cv_env_CFLAGS_value='-g -O0'
ac_cv_env_CPPFLAGS_set=
ac_cv_env_CPPFLAGS_value=
ac_cv_env_CPP_set=
ac_cv_env_CPP_value=
ac_cv_env_LDFLAGS_set=
ac_cv_env_LDFLAGS_value=
ac_cv_env_LIBS_set=
ac_cv_env_LIBS_value=
ac_cv_env_build_alias_set=
ac_cv_env_build_alias_value=
ac_cv_env_host_alias_set=
ac_cv_env_host_alias_value=
ac_cv_env_target_alias_set=
ac_cv_env_target_alias_value=
ac_cv_func_bind_textdomain_codeset=yes
ac_cv_func_dcgettext=yes
ac_cv_header_dlfcn_h=yes
ac_cv_header_inttypes_h=yes
ac_cv_header_libintl_h=yes
ac_cv_header_locale_h=yes
ac_cv_header_memory_h=yes
ac_cv_header_stdc=yes
ac_cv_header_stdint_h=yes
ac_cv_header_stdlib_h=yes
ac_cv_header_string_h=yes
ac_cv_header_strings_h=yes
ac_cv_header_sys_stat_h=yes
ac_cv_header_sys_types_h=yes
ac_cv_header_unistd_h=yes
ac_cv_host=i686-pc-linux-gnu
ac_cv_objext=o
ac_cv_path_EGREP='/bin/grep -E'
ac_cv_path_FGREP='/bin/grep -F'
ac_cv_path_GMSGFMT=/usr/bin/msgfmt
ac_cv_path_GREP=/bin/grep
ac_cv_path_INTLTOOL_EXTRACT=/usr/bin/intltool-extract
ac_cv_path_INTLTOOL_MERGE=/usr/bin/intltool-merge
ac_cv_path_INTLTOOL_PERL=/usr/bin/perl
ac_cv_path_INTLTOOL_UPDATE=/usr/bin/intltool-update
ac_cv_path_MSGFMT=/usr/bin/msgfmt
ac_cv_path_MSGMERGE=/usr/bin/msgmerge
ac_cv_path_SED=/bin/sed
ac_cv_path_XGETTEXT=/usr/bin/xgettext
ac_cv_path_install='/usr/bin/install -c'
ac_cv_path_mkdir=/bin/mkdir
ac_cv_prog_AWK=gawk
ac_cv_prog_CPP='gcc -E'
ac_cv_prog_ac_ct_AR=ar
ac_cv_prog_ac_ct_CC=gcc
ac_cv_prog_ac_ct_OBJDUMP=objdump
ac_cv_prog_ac_ct_RANLIB=ranlib
ac_cv_prog_ac_ct_STRIP=strip
ac_cv_prog_cc_c89=
ac_cv_prog_cc_g=yes
ac_cv_prog_make_make_set=yes
ac_cv_search_strerror='none required'
am_cv_CC_dependencies_compiler_type=gcc3
am_cv_prog_cc_stdc=
am_cv_val_LC_MESSAGES=yes
gt_cv_func_dgettext_libc=yes
gt_cv_func_dgettext_libintl=no
gt_cv_func_ngettext_libc=yes
gt_cv_have_gettext=yes
lt_cv_deplibs_check_method=pass_all
lt_cv_file_magic_cmd='$MAGIC_CMD'
lt_cv_file_magic_test_file=
lt_cv_ld_reload_flag=-r
lt_cv_nm_interface='BSD nm'
lt_cv_objdir=.libs
lt_cv_path_LD=/usr/bin/ld
lt_cv_path_NM='/usr/bin/nm -B'
lt_cv_prog_compiler_c_o=yes
lt_cv_prog_compiler_pic_works=yes
lt_cv_prog_compiler_rtti_exceptions=no
lt_cv_prog_compiler_static_works=no
lt_cv_prog_gnu_ld=yes
lt_cv_sys_global_symbol_pipe='sed -n -e '\''s/^.*[	 ]\([ABCDGIRSTW][ABCDGIRSTW]*\)[	 ][	 ]*\([_A-Za-z][_A-Za-z0-9]*\)$/\1 \2 \2/p'\'''
lt_cv_sys_global_symbol_to_c_name_address='sed -n -e '\''s/^: \([^ ]*\) $/  {\"\1\", (void *) 0},/p'\'' -e '\''s/^[ABCDGIRSTW]* \([^ ]*\) \([^ ]*\)$/  {"\2", (void *) \&\2},/p'\'''
lt_cv_sys_global_symbol_to_c_name_address_lib_prefix='sed -n -e '\''s/^: \([^ ]*\) $/  {\"\1\", (void *) 0},/p'\'' -e '\''s/^[ABCDGIRSTW]* \([^ ]*\) \(lib[^ ]*\)$/  {"\2", (void *) \&\2},/p'\'' -e '\''s/^[ABCDGIRSTW]* \([^ ]*\) \([^ ]*\)$/  {"lib\2", (void *) \&\2},/p'\'''
lt_cv_sys_global_symbol_to_cdecl='sed -n -e '\''s/^T .* \(.*\)$/extern int \1();/p'\'' -e '\''s/^[ABCDGIRSTW]* .* \(.*\)$/extern char \1;/p'\'''
lt_cv_sys_max_cmd_len=1966080

## ----------------- ##
## Output variables. ##
## ----------------- ##

ACLOCAL='${SHELL} /home/weiwang/Desktop/sample_history/Anjuta_SamHis/missing --run aclocal-1.11'
ALL_LINGUAS=''
AMDEPBACKSLASH='\'
AMDEP_FALSE='#'
AMDEP_TRUE=''
AMTAR='${SHELL} /home/weiwang/Desktop/sample_history/Anjuta_SamHis/missing --run tar'
AR='ar'
AUTOCONF='${SHELL} /home/weiwang/Desktop/sample_history/Anjuta_SamHis/missing --run autoconf'
AUTOHEADER='${SHELL} /home/weiwang/Desktop/sample_history/Anjuta_SamHis/missing --run autoheader'
AUTOMAKE='${SHELL} /home/weiwang/Desktop/sample_history/Anjuta_SamHis/missing --run automake-1.11'
AWK='gawk'
CATALOGS=''
CATOBJEXT='.gmo'
CC='gcc'
CCDEPMODE='depmode=gcc3'
CFLAGS='-g -O0'
CPP='gcc -E'
CPPFLAGS=''
CYGPATH_W='echo'
DATADIRNAME='share'
DEFS='-DHAVE_CONFIG_H'
DEPDIR='.deps'
DSYMUTIL=''
DUMPBIN=''
ECHO_C=''
ECHO_N='-n'
ECHO_T=''
EGREP='/bin/grep -E'
EXEEXT=''
FGREP='/bin/grep -F'
GETTEXT_PACKAGE='samplehistory'
GMOFILES=''
GMSGFMT='/usr/bin/msgfmt'
GREP='/bin/grep'
INSTALL_DATA='${INSTALL} -m 644'
INSTALL_PROGRAM='${INSTALL}'
INSTALL_SCRIPT='${INSTALL}'
INSTALL_STRIP_PROGRAM='$(install_sh) -c -s'
INSTOBJEXT='.mo'
INTLLIBS=''
INTLTOOL_CAVES_RULE='%.caves:     %.caves.in     $(INTLTOOL_MERGE) $(wildcard $(top_srcdir)/po/*.po) ; LC_ALL=C $(INTLTOOL_MERGE) -d -u -c $(top_builddir)/po/.intltool-merge-cache $(top_srcdir)/po $< $@'
INTLTOOL_DESKTOP_RULE='%.desktop:   %.desktop.in   $(INTLTOOL_MERGE) $(wildcard $(top_srcdir)/po/*.po) ; LC_ALL=C $(INTLTOOL_MERGE) -d -u -c $(top_builddir)/po/.intltool-merge-cache $(top_srcdir)/po $< $@'
INTLTOOL_DIRECTORY_RULE='%.directory: %.directory.in $(INTLTOOL_MERGE) $(wildcard $(top_srcdir)/po/*.po) ; LC_ALL=C $(INTLTOOL_MERGE) -d -u -c $(top_builddir)/po/.intltool-merge-cache $(top_srcdir)/po $< $@'
INTLTOOL_EXTRACT='/usr/bin/intltool-extract'
INTLTOOL_KBD_RULE='%.kbd:       %.kbd.in       $(INTLTOOL_MERGE) $(wildcard $(top_srcdir)/po/*.po) ; LC_ALL=C $(INTLTOOL_MERGE) -x -u -m -c $(top_builddir)/po/.intltool-merge-cache $(top_srcdir)/po $< $@'
INTLTOOL_KEYS_RULE='%.keys:      %.keys.in      $(INTLTOOL_MERGE) $(wildcard $(top_srcdir)/po/*.po) ; LC_ALL=C $(INTLTOOL_MERGE) -k -u -c $(top_builddir)/po/.intltool-merge-cache $(top_srcdir)/po $< $@'
INTLTOOL_MERGE='/usr/bin/intltool-merge'
INTLTOOL_OAF_RULE='%.oaf:       %.oaf.in       $(INTLTOOL_MERGE) $(wildcard $(top_srcdir)/po/*.po) ; LC_ALL=C $(INTLTOOL_MERGE) -o -p $(top_srcdir)/po $< $@'
INTLTOOL_PERL='/usr/bin/perl'
INTLTOOL_POLICY_RULE='%.policy:    %.policy.in    $(INTLTOOL_MERGE) $(wildcard $(top_srcdir)/po/*.po) ; LC_ALL=C $(INTLTOOL_MERGE) -x -u -c $(top_builddir)/po/.intltool-merge-cache $(top_srcdir)/po $< $@'
INTLTOOL_PONG_RULE='%.pong:      %.pong.in      $(INTLTOOL_MERGE) $(wildcard $(top_srcdir)/po/*.po) ; LC_ALL=C $(INTLTOOL_MERGE) -x -u -c $(top_builddir)/po/.intltool-merge-cache $(top_srcdir)/po $< $@'
INTLTOOL_PROP_RULE='%.prop:      %.prop.in      $(INTLTOOL_MERGE) $(wildcard $(top_srcdir)/po/*.po) ; LC_ALL=C $(INTLTOOL_MERGE) -d -u -c $(top_builddir)/po/.intltool-merge-cache $(top_srcdir)/po $< $@'
INTLTOOL_SCHEMAS_RULE='%.schemas:   %.schemas.in   $(INTLTOOL_MERGE) $(wildcard $(top_srcdir)/po/*.po) ; LC_ALL=C $(INTLTOOL_MERGE) -s -u -c $(top_builddir)/po/.intltool-merge-cache $(top_srcdir)/po $< $@'
INTLTOOL_SERVER_RULE='%.server:    %.server.in    $(INTLTOOL_MERGE) $(wildcard $(top_srcdir)/po/*.po) ; LC_ALL=C $(INTLTOOL_MERGE) -o -u -c $(top_builddir)/po/.intltool-merge-cache $(top_srcdir)/po $< $@'
INTLTOOL_SERVICE_RULE='%.service: %.service.in   $(INTLTOOL_MERGE) $(wildcard $(top_srcdir)/po/*.po) ; LC_ALL=C $(INTLTOOL_MERGE) -d -u -c $(top_builddir)/po/.intltool-merge-cache $(top_srcdir)/po $< $@'
INTLTOOL_SHEET_RULE='%.sheet:     %.sheet.in     $(INTLTOOL_MERGE) $(wildcard $(top_srcdir)/po/*.po) ; LC_ALL=C $(INTLTOOL_MERGE) -x -u -c $(top_builddir)/po/.intltool-merge-cache $(top_srcdir)/po $< $@'
INTLTOOL_SOUNDLIST_RULE='%.soundlist: %.soundlist.in $(INTLTOOL_MERGE) $(wildcard $(top_srcdir)/po/*.po) ; LC_ALL=C $(INTLTOOL_MERGE) -d -u -c $(top_builddir)/po/.intltool-merge-cache $(top_srcdir)/po $< $@'
INTLTOOL_THEME_RULE='%.theme:     %.theme.in     $(INTLTOOL_MERGE) $(wildcard $(top_srcdir)/po/*.po) ; LC_ALL=C $(INTLTOOL_MERGE) -d -u -c $(top_builddir)/po/.intltool-merge-cache $(top_srcdir)/po $< $@'
INTLTOOL_UI_RULE='%.ui:        %.ui.in        $(INTLTOOL_MERGE) $(wildcard $(top_srcdir)/po/*.po) ; LC_ALL=C $(INTLTOOL_MERGE) -x -u -c $(top_builddir)/po/.intltool-merge-cache $(top_srcdir)/po $< $@'
INTLTOOL_UPDATE='/usr/bin/intltool-update'
INTLTOOL_XAM_RULE='%.xam:       %.xml.in       $(INTLTOOL_MERGE) $(wildcard $(top_srcdir)/po/*.po) ; LC_ALL=C $(INTLTOOL_MERGE) -x -u -c $(top_builddir)/po/.intltool-merge-cache $(top_srcdir)/po $< $@'
INTLTOOL_XML_NOMERGE_RULE='%.xml:       %.xml.in       $(INTLTOOL_MERGE) ; LC_ALL=C $(INTLTOOL_MERGE) -x -u /tmp $< $@'
INTLTOOL_XML_RULE='%.xml:       %.xml.in       $(INTLTOOL_MERGE) $(wildcard $(top_srcdir)/po/*.po) ; LC_ALL=C $(INTLTOOL_MERGE) -x -u -c $(top_builddir)/po/.intltool-merge-cache $(top_srcdir)/po $< $@'
LD='/usr/bin/ld'
LDFLAGS=''
LIBOBJS=''
LIBS=''
LIBTOOL='$(SHELL) $(top_builddir)/libtool'
LIPO=''
LN_S='ln -s'
LTLIBOBJS=''
MAINT=''
MAINTAINER_MODE_FALSE='#'
MAINTAINER_MODE_TRUE=''
MAKEINFO='${SHELL} /home/weiwang/Desktop/sample_history/Anjuta_SamHis/missing --run makeinfo'
MKDIR_P='/bin/mkdir -p'
MKINSTALLDIRS='/home/weiwang/Desktop/sample_history/Anjuta_SamHis/mkinstalldirs'
MSGFMT='/usr/bin/msgfmt'
MSGFMT_OPTS='-c'
MSGMERGE='/usr/bin/msgmerge'
NM='/usr/bin/nm -B'
NMEDIT=''
OBJDUMP='objdump'
OBJEXT='o'
OTOOL64=''
OTOOL=''
PACKAGE='samplehistory'
PACKAGE_BUGREPORT=''
PACKAGE_NAME='samplehistory'
PACKAGE_STRING='samplehistory 0.1'
PACKAGE_TARNAME='samplehistory'
PACKAGE_VERSION='0.1'
PATH_SEPARATOR=':'
POFILES=''
POSUB='po'
PO_IN_DATADIR_FALSE=''
PO_IN_DATADIR_TRUE=''
RANLIB='ranlib'
SED='/bin/sed'
SET_MAKE=''
SHELL='/bin/sh'
STRIP='strip'
USE_NLS='yes'
VERSION='0.1'
XGETTEXT='/usr/bin/xgettext'
ac_ct_CC='gcc'
ac_ct_DUMPBIN=''
am__EXEEXT_FALSE=''
am__EXEEXT_TRUE='#'
am__fastdepCC_FALSE='#'
am__fastdepCC_TRUE=''
am__include='include'
am__isrc=' -I$(srcdir)'
am__leading_dot='.'
am__quote=''
am__tar='${AMTAR} chof - "$$tardir"'
am__untar='${AMTAR} xf -'
bindir='${exec_prefix}/bin'
build='i686-pc-linux-gnu'
build_alias=''
build_cpu='i686'
build_os='linux-gnu'
build_vendor='pc'
datadir='${datarootdir}'
datarootdir='${prefix}/share'
docdir='${datarootdir}/doc/${PACKAGE_TARNAME}'
dvidir='${docdir}'
exec_prefix='${prefix}'
host='i686-pc-linux-gnu'
host_alias=''
host_cpu='i686'
host_os='linux-gnu'
host_vendor='pc'
htmldir='${docdir}'
includedir='${prefix}/include'
infodir='${datarootdir}/info'
install_sh='${SHELL} /home/weiwang/Desktop/sample_history/Anjuta_SamHis/install-sh'
libdir='${exec_prefix}/lib'
libexecdir='${exec_prefix}/libexec'
localedir='${datarootdir}/locale'
localstatedir='${prefix}/var'
lt_ECHO='echo'
mandir='${datarootdir}/man'
mkdir_p='/bin/mkdir -p'
oldincludedir='/usr/include'
pdfdir='${docdir}'
prefix='/usr/local'
program_transform_name='s,x,x,'
psdir='${docdir}'
sbindir='${exec_prefix}/sbin'
sharedstatedir='${prefix}/com'
sysconfdir='${prefix}/etc'
target_alias=''

## ----------- ##
## confdefs.h. ##
## ----------- ##

#define PACKAGE_NAME "samplehistory"
#define PACKAGE_TARNAME "samplehistory"
#define PACKAGE_VERSION "0.1"
#define PACKAGE_STRING "samplehistory 0.1"
#define PACKAGE_BUGREPORT ""
#define PACKAGE "samplehistory"
#define VERSION "0.1"
#define STDC_HEADERS 1
#define GETTEXT_PACKAGE "samplehistory"
#define HAVE_SYS_TYPES_H 1
#define HAVE_SYS_STAT_H 1
#define HAVE_STDLIB_H 1
#define HAVE_STRING_H 1
#define HAVE_MEMORY_H 1
#define HAVE_STRINGS_H 1
#define HAVE_INTTYPES_H 1
#define HAVE_STDINT_H 1
#define HAVE_UNISTD_H 1
#define HAVE_LOCALE_H 1
#define HAVE_LC_MESSAGES 1
#define HAVE_BIND_TEXTDOMAIN_CODESET 1
#define HAVE_GETTEXT 1
#define HAVE_DCGETTEXT 1
#define ENABLE_NLS 1
#define HAVE_DLFCN_H 1
#define LT_OBJDIR ".libs/"

configure: exit 0
